TN:
SF:src/config/database.ts
FN:8,(anonymous_1)
FN:18,(anonymous_2)
FNF:2
FNH:0
FNDA:0,(anonymous_1)
FNDA:0,(anonymous_2)
DA:1,0
DA:2,0
DA:4,0
DA:6,0
DA:8,0
DA:9,0
DA:10,0
DA:11,0
DA:13,0
DA:14,0
DA:18,0
DA:19,0
DA:20,0
DA:21,0
DA:23,0
LF:15
LH:0
BRDA:6,0,0,0
BRDA:6,0,1,0
BRF:2
BRH:0
end_of_record
TN:
SF:src/controllers/capitalGainController.ts
FN:17,(anonymous_10)
FN:23,(anonymous_11)
FN:45,(anonymous_12)
FN:76,(anonymous_13)
FN:118,(anonymous_14)
FN:147,(anonymous_15)
FN:177,(anonymous_16)
FN:189,(anonymous_17)
FN:200,(anonymous_18)
FN:203,(anonymous_19)
FN:206,(anonymous_20)
FNF:11
FNH:2
FNDA:1,(anonymous_10)
FNDA:0,(anonymous_11)
FNDA:6,(anonymous_12)
FNDA:0,(anonymous_13)
FNDA:0,(anonymous_14)
FNDA:0,(anonymous_15)
FNDA:0,(anonymous_16)
FNDA:0,(anonymous_17)
FNDA:0,(anonymous_18)
FNDA:0,(anonymous_19)
FNDA:0,(anonymous_20)
DA:6,1
DA:7,1
DA:8,1
DA:17,1
DA:18,1
DA:19,1
DA:21,1
DA:23,0
DA:34,0
DA:35,0
DA:45,1
DA:46,6
DA:47,6
DA:50,6
DA:51,3
DA:58,3
DA:60,3
DA:65,0
DA:66,0
DA:76,1
DA:77,0
DA:78,0
DA:79,0
DA:82,0
DA:83,0
DA:89,0
DA:97,0
DA:107,0
DA:108,0
DA:118,1
DA:119,0
DA:120,0
DA:121,0
DA:123,0
DA:124,0
DA:125,0
DA:126,0
DA:127,0
DA:129,0
DA:131,0
DA:136,0
DA:137,0
DA:147,1
DA:148,0
DA:149,0
DA:150,0
DA:152,0
DA:153,0
DA:159,0
DA:161,0
DA:166,0
DA:167,0
DA:177,1
DA:178,0
DA:179,0
DA:181,0
DA:182,0
DA:189,0
DA:190,0
DA:192,0
DA:193,0
DA:200,0
DA:203,0
DA:204,0
DA:206,0
DA:218,0
DA:219,0
DA:222,0
DA:224,0
DA:225,0
LF:70
LH:18
BRDA:25,0,0,0
BRDA:25,0,1,0
BRDA:25,0,2,0
BRDA:26,1,0,0
BRDA:26,1,1,0
BRDA:37,2,0,0
BRDA:37,2,1,0
BRDA:50,3,0,3
BRDA:50,4,0,6
BRDA:50,4,1,5
BRDA:50,4,2,4
BRDA:68,5,0,0
BRDA:68,5,1,0
BRDA:79,6,0,0
BRDA:79,6,1,0
BRDA:82,7,0,0
BRDA:82,8,0,0
BRDA:82,8,1,0
BRDA:82,8,2,0
BRDA:110,9,0,0
BRDA:110,9,1,0
BRDA:120,10,0,0
BRDA:120,10,1,0
BRDA:124,11,0,0
BRDA:125,12,0,0
BRDA:126,13,0,0
BRDA:127,14,0,0
BRDA:139,15,0,0
BRDA:139,15,1,0
BRDA:149,16,0,0
BRDA:149,16,1,0
BRDA:152,17,0,0
BRDA:169,18,0,0
BRDA:169,18,1,0
BRDA:181,19,0,0
BRDA:192,20,0,0
BRDA:200,21,0,0
BRDA:200,21,1,0
BRDA:209,22,0,0
BRDA:209,22,1,0
BRDA:210,23,0,0
BRDA:210,23,1,0
BRDA:211,24,0,0
BRDA:211,24,1,0
BRDA:212,25,0,0
BRDA:212,25,1,0
BRF:46
BRH:4
end_of_record
TN:
SF:src/controllers/depreciationController.ts
FN:18,(anonymous_0)
FN:40,(anonymous_1)
FN:63,(anonymous_2)
FN:79,(anonymous_3)
FN:114,(anonymous_4)
FNF:5
FNH:0
FNDA:0,(anonymous_0)
FNDA:0,(anonymous_1)
FNDA:0,(anonymous_2)
FNDA:0,(anonymous_3)
FNDA:0,(anonymous_4)
DA:2,0
DA:9,0
DA:18,0
DA:19,0
DA:20,0
DA:30,0
DA:31,0
DA:33,0
DA:40,0
DA:41,0
DA:42,0
DA:52,0
DA:53,0
DA:54,0
DA:56,0
DA:63,0
DA:64,0
DA:65,0
DA:71,0
DA:79,0
DA:80,0
DA:81,0
DA:83,0
DA:84,0
DA:91,0
DA:94,0
DA:96,0
DA:104,0
DA:114,0
DA:115,0
DA:116,0
DA:118,0
DA:119,0
DA:126,0
DA:128,0
DA:136,0
LF:36
LH:0
BRDA:27,0,0,0
BRDA:27,0,1,0
BRDA:49,1,0,0
BRDA:49,1,1,0
BRDA:52,2,0,0
BRDA:52,2,1,0
BRDA:83,3,0,0
BRDA:118,4,0,0
BRF:8
BRH:0
end_of_record
TN:
SF:src/controllers/documentController.ts
FN:13,(anonymous_0)
FN:28,(anonymous_1)
FN:48,(anonymous_2)
FN:64,(anonymous_3)
FNF:4
FNH:0
FNDA:0,(anonymous_0)
FNDA:0,(anonymous_1)
FNDA:0,(anonymous_2)
FNDA:0,(anonymous_3)
DA:2,0
DA:13,0
DA:14,0
DA:15,0
DA:17,0
DA:19,0
DA:21,0
DA:28,0
DA:29,0
DA:30,0
DA:32,0
DA:39,0
DA:41,0
DA:48,0
DA:49,0
DA:50,0
DA:52,0
DA:54,0
DA:55,0
DA:57,0
DA:64,0
DA:65,0
DA:66,0
DA:68,0
DA:70,0
DA:72,0
LF:26
LH:0
BRDA:54,0,0,0
BRDA:54,0,1,0
BRF:2
BRH:0
end_of_record
TN:
SF:src/controllers/propertyController.ts
FN:13,(anonymous_0)
FN:32,(anonymous_1)
FN:50,(anonymous_2)
FN:76,(anonymous_3)
FN:103,(anonymous_4)
FNF:5
FNH:5
FNDA:3,(anonymous_0)
FNDA:1,(anonymous_1)
FNDA:2,(anonymous_2)
FNDA:1,(anonymous_3)
FNDA:2,(anonymous_4)
DA:2,1
DA:13,1
DA:14,3
DA:15,3
DA:16,3
DA:17,0
DA:22,3
DA:32,1
DA:33,1
DA:34,1
DA:35,1
DA:40,0
DA:50,1
DA:51,2
DA:52,2
DA:53,2
DA:54,1
DA:55,1
DA:59,1
DA:61,0
DA:66,1
DA:76,1
DA:77,1
DA:78,1
DA:79,1
DA:80,1
DA:81,1
DA:82,1
DA:86,1
DA:88,0
DA:93,0
DA:103,1
DA:104,2
DA:105,2
DA:106,2
DA:107,1
DA:108,1
DA:112,1
DA:114,0
DA:119,1
LF:40
LH:34
BRDA:54,0,0,1
BRDA:81,1,0,1
BRDA:107,2,0,1
BRF:3
BRH:3
end_of_record
TN:
SF:src/controllers/realEstateController.ts
FN:7,(anonymous_0)
FN:20,(anonymous_1)
FN:33,(anonymous_2)
FNF:3
FNH:0
FNDA:0,(anonymous_0)
FNDA:0,(anonymous_1)
FNDA:0,(anonymous_2)
DA:2,0
DA:7,0
DA:8,0
DA:9,0
DA:10,0
DA:11,0
DA:13,0
DA:20,0
DA:21,0
DA:22,0
DA:23,0
DA:24,0
DA:26,0
DA:33,0
DA:34,0
DA:35,0
DA:41,0
LF:17
LH:0
BRF:0
BRH:0
end_of_record
TN:
SF:src/controllers/realEstateIncomeController.ts
FN:14,(anonymous_10)
FN:90,getDefaultUsefulLife
FN:137,calculateUsedPropertyUsefulLife
FN:163,(anonymous_13)
FN:180,(anonymous_14)
FN:206,(anonymous_15)
FN:221,(anonymous_16)
FN:232,(anonymous_17)
FN:233,(anonymous_18)
FN:234,(anonymous_19)
FN:237,(anonymous_20)
FN:240,(anonymous_21)
FNF:12
FNH:2
FNDA:5,(anonymous_10)
FNDA:0,getDefaultUsefulLife
FNDA:0,calculateUsedPropertyUsefulLife
FNDA:3,(anonymous_13)
FNDA:0,(anonymous_14)
FNDA:0,(anonymous_15)
FNDA:0,(anonymous_16)
FNDA:0,(anonymous_17)
FNDA:0,(anonymous_18)
FNDA:0,(anonymous_19)
FNDA:0,(anonymous_20)
FNDA:0,(anonymous_21)
DA:2,1
DA:9,1
DA:14,1
DA:18,5
DA:19,5
DA:21,5
DA:22,2
DA:26,2
DA:30,3
DA:32,3
DA:33,2
DA:35,2
DA:37,0
DA:39,0
DA:40,0
DA:43,0
DA:44,0
DA:51,0
DA:56,0
DA:69,3
DA:75,3
DA:80,0
DA:95,0
DA:98,0
DA:99,0
DA:101,0
DA:103,0
DA:106,0
DA:108,0
DA:113,0
DA:114,0
DA:116,0
DA:118,0
DA:121,0
DA:123,0
DA:127,0
DA:143,0
DA:146,0
DA:149,0
DA:150,0
DA:154,0
DA:155,0
DA:157,0
DA:163,1
DA:167,3
DA:168,3
DA:170,3
DA:171,3
DA:175,3
DA:179,0
DA:181,0
DA:189,0
DA:191,0
DA:196,0
DA:206,1
DA:210,0
DA:211,0
DA:213,0
DA:214,0
DA:221,0
DA:222,0
DA:224,0
DA:225,0
DA:232,0
DA:233,0
DA:234,0
DA:237,0
DA:238,0
DA:240,0
DA:253,0
DA:254,0
DA:257,0
DA:259,0
DA:260,0
LF:74
LH:21
BRDA:21,0,0,2
BRDA:21,1,0,5
BRDA:21,1,1,4
BRDA:32,2,0,2
BRDA:32,3,0,3
BRDA:32,3,1,3
BRDA:35,4,0,0
BRDA:35,5,0,2
BRDA:35,5,1,0
BRDA:35,5,2,0
BRDA:39,6,0,0
BRDA:43,7,0,0
BRDA:43,7,1,0
BRDA:43,8,0,0
BRDA:43,8,1,0
BRDA:58,9,0,0
BRDA:58,9,1,0
BRDA:63,10,0,0
BRDA:63,10,1,0
BRDA:95,11,0,0
BRDA:98,12,0,0
BRDA:99,13,0,0
BRDA:99,13,1,0
BRDA:99,13,2,0
BRDA:99,13,3,0
BRDA:99,13,4,0
BRDA:113,14,0,0
BRDA:114,15,0,0
BRDA:114,15,1,0
BRDA:114,15,2,0
BRDA:114,15,3,0
BRDA:114,15,4,0
BRDA:149,16,0,0
BRDA:170,17,0,3
BRDA:170,18,0,3
BRDA:170,18,1,0
BRDA:170,18,2,0
BRDA:213,19,0,0
BRDA:224,20,0,0
BRF:39
BRH:9
end_of_record
TN:
SF:src/controllers/rsuController.ts
FN:12,(anonymous_0)
FN:38,(anonymous_1)
FN:58,(anonymous_2)
FN:69,(anonymous_3)
FN:76,(anonymous_4)
FN:77,(anonymous_5)
FN:78,(anonymous_6)
FN:81,(anonymous_7)
FN:82,(anonymous_8)
FN:115,(anonymous_9)
FN:119,(anonymous_10)
FNF:11
FNH:0
FNDA:0,(anonymous_0)
FNDA:0,(anonymous_1)
FNDA:0,(anonymous_2)
FNDA:0,(anonymous_3)
FNDA:0,(anonymous_4)
FNDA:0,(anonymous_5)
FNDA:0,(anonymous_6)
FNDA:0,(anonymous_7)
FNDA:0,(anonymous_8)
FNDA:0,(anonymous_9)
FNDA:0,(anonymous_10)
DA:2,0
DA:12,0
DA:13,0
DA:14,0
DA:21,0
DA:23,0
DA:28,0
DA:38,0
DA:39,0
DA:40,0
DA:43,0
DA:44,0
DA:50,0
DA:51,0
DA:58,0
DA:66,0
DA:69,0
DA:75,0
DA:76,0
DA:77,0
DA:78,0
DA:81,0
DA:82,0
DA:83,0
DA:84,0
DA:86,0
DA:105,0
DA:115,0
DA:116,0
DA:117,0
DA:119,0
DA:126,0
DA:128,0
DA:133,0
LF:34
LH:0
BRDA:18,0,0,0
BRDA:18,0,1,0
BRDA:43,1,0,0
BRDA:43,2,0,0
BRDA:43,2,1,0
BRDA:50,3,0,0
BRDA:62,4,0,0
BRDA:62,4,1,0
BRDA:123,5,0,0
BRDA:123,5,1,0
BRF:10
BRH:0
end_of_record
TN:
SF:src/controllers/rsuIncomeController.ts
FN:20,(anonymous_0)
FN:71,(anonymous_1)
FN:80,(anonymous_2)
FN:104,(anonymous_3)
FN:143,(anonymous_4)
FN:173,(anonymous_5)
FN:210,(anonymous_6)
FN:245,(anonymous_7)
FN:268,(anonymous_8)
FN:269,(anonymous_9)
FNF:10
FNH:0
FNDA:0,(anonymous_0)
FNDA:0,(anonymous_1)
FNDA:0,(anonymous_2)
FNDA:0,(anonymous_3)
FNDA:0,(anonymous_4)
FNDA:0,(anonymous_5)
FNDA:0,(anonymous_6)
FNDA:0,(anonymous_7)
FNDA:0,(anonymous_8)
FNDA:0,(anonymous_9)
DA:2,0
DA:10,0
DA:20,0
DA:21,0
DA:22,0
DA:23,0
DA:26,0
DA:27,0
DA:33,0
DA:34,0
DA:40,0
DA:48,0
DA:59,0
DA:60,0
DA:71,0
DA:72,0
DA:73,0
DA:74,0
DA:76,0
DA:78,0
DA:80,0
DA:92,0
DA:93,0
DA:104,0
DA:105,0
DA:106,0
DA:108,0
DA:110,0
DA:111,0
DA:117,0
DA:131,0
DA:132,0
DA:143,0
DA:144,0
DA:145,0
DA:147,0
DA:149,0
DA:150,0
DA:156,0
DA:161,0
DA:162,0
DA:173,0
DA:174,0
DA:175,0
DA:176,0
DA:178,0
DA:180,0
DA:181,0
DA:187,0
DA:198,0
DA:199,0
DA:210,0
DA:211,0
DA:212,0
DA:213,0
DA:215,0
DA:216,0
DA:222,0
DA:224,0
DA:233,0
DA:234,0
DA:245,0
DA:246,0
DA:247,0
DA:248,0
DA:250,0
DA:251,0
DA:258,0
DA:260,0
DA:261,0
DA:268,0
DA:269,0
DA:272,0
DA:279,0
DA:280,0
DA:283,0
DA:285,0
DA:286,0
LF:78
LH:0
BRDA:23,0,0,0
BRDA:23,0,1,0
BRDA:26,1,0,0
BRDA:26,2,0,0
BRDA:26,2,1,0
BRDA:26,2,2,0
BRDA:26,2,3,0
BRDA:33,3,0,0
BRDA:33,4,0,0
BRDA:33,4,1,0
BRDA:73,5,0,0
BRDA:73,5,1,0
BRDA:74,6,0,0
BRDA:74,6,1,0
BRDA:110,7,0,0
BRDA:149,8,0,0
BRDA:180,9,0,0
BRDA:212,10,0,0
BRDA:212,10,1,0
BRDA:215,11,0,0
BRDA:247,12,0,0
BRDA:247,12,1,0
BRDA:250,13,0,0
BRDA:260,14,0,0
BRF:24
BRH:0
end_of_record
TN:
SF:src/controllers/salaryIncomeController.ts
FN:12,(anonymous_0)
FN:57,(anonymous_1)
FN:97,(anonymous_2)
FN:125,(anonymous_3)
FN:155,(anonymous_4)
FN:188,(anonymous_5)
FN:207,(anonymous_6)
FN:208,(anonymous_7)
FN:209,(anonymous_8)
FN:210,(anonymous_9)
FN:211,(anonymous_10)
FN:212,(anonymous_11)
FN:213,(anonymous_12)
FN:214,(anonymous_13)
FN:215,(anonymous_14)
FN:216,(anonymous_15)
FN:217,(anonymous_16)
FN:224,(anonymous_17)
FNF:18
FNH:5
FNDA:6,(anonymous_0)
FNDA:4,(anonymous_1)
FNDA:2,(anonymous_2)
FNDA:2,(anonymous_3)
FNDA:2,(anonymous_4)
FNDA:0,(anonymous_5)
FNDA:0,(anonymous_6)
FNDA:0,(anonymous_7)
FNDA:0,(anonymous_8)
FNDA:0,(anonymous_9)
FNDA:0,(anonymous_10)
FNDA:0,(anonymous_11)
FNDA:0,(anonymous_12)
FNDA:0,(anonymous_13)
FNDA:0,(anonymous_14)
FNDA:0,(anonymous_15)
FNDA:0,(anonymous_16)
FNDA:0,(anonymous_17)
DA:2,1
DA:3,1
DA:12,1
DA:13,6
DA:21,6
DA:24,6
DA:25,3
DA:31,3
DA:40,3
DA:42,3
DA:47,0
DA:57,1
DA:58,4
DA:59,4
DA:60,4
DA:63,4
DA:64,3
DA:70,1
DA:77,1
DA:86,0
DA:87,0
DA:97,1
DA:98,2
DA:99,2
DA:100,2
DA:102,2
DA:103,2
DA:104,2
DA:105,2
DA:107,2
DA:109,2
DA:114,0
DA:115,0
DA:125,1
DA:126,2
DA:127,2
DA:128,2
DA:130,2
DA:131,0
DA:137,2
DA:139,1
DA:144,1
DA:145,1
DA:155,1
DA:156,2
DA:157,2
DA:158,2
DA:159,2
DA:161,2
DA:162,1
DA:168,1
DA:171,1
DA:188,1
DA:205,1
DA:207,0
DA:208,0
DA:209,0
DA:210,0
DA:211,0
DA:212,0
DA:213,0
DA:214,0
DA:215,0
DA:216,0
DA:217,0
DA:222,1
DA:224,0
DA:229,1
DA:230,1
DA:233,1
DA:234,1
DA:235,1
DA:237,0
DA:238,0
LF:74
LH:54
BRDA:24,0,0,3
BRDA:24,1,0,6
BRDA:24,1,1,4
BRDA:33,2,0,3
BRDA:33,2,1,0
BRDA:34,3,0,3
BRDA:34,3,1,0
BRDA:36,4,0,3
BRDA:36,4,1,1
BRDA:37,5,0,3
BRDA:37,5,1,1
BRDA:60,6,0,4
BRDA:60,6,1,4
BRDA:63,7,0,3
BRDA:63,8,0,4
BRDA:63,8,1,3
BRDA:63,8,2,2
BRDA:89,9,0,0
BRDA:89,9,1,0
BRDA:99,10,0,2
BRDA:99,10,1,2
BRDA:103,11,0,1
BRDA:104,12,0,0
BRDA:105,13,0,0
BRDA:117,14,0,0
BRDA:117,14,1,0
BRDA:127,15,0,2
BRDA:127,15,1,2
BRDA:130,16,0,0
BRDA:147,17,0,1
BRDA:147,17,1,0
BRDA:157,18,0,0
BRDA:157,18,1,2
BRDA:159,19,0,2
BRDA:159,19,1,2
BRDA:161,20,0,1
BRDA:161,21,0,2
BRDA:161,21,1,1
BRDA:240,22,0,0
BRDA:240,22,1,0
BRF:40
BRH:27
end_of_record
TN:
SF:src/controllers/taxController.ts
FN:7,(anonymous_0)
FN:38,(anonymous_1)
FNF:2
FNH:0
FNDA:0,(anonymous_0)
FNDA:0,(anonymous_1)
DA:2,0
DA:7,0
DA:8,0
DA:9,0
DA:12,0
DA:13,0
DA:17,0
DA:20,0
DA:22,0
DA:30,0
DA:31,0
DA:38,0
DA:39,0
DA:40,0
DA:42,0
DA:43,0
DA:47,0
DA:48,0
DA:50,0
DA:54,0
DA:63,0
DA:65,0
DA:73,0
DA:74,0
LF:24
LH:0
BRDA:12,0,0,0
BRDA:12,1,0,0
BRDA:12,1,1,0
BRDA:42,2,0,0
BRDA:42,3,0,0
BRDA:42,3,1,0
BRF:6
BRH:0
end_of_record
TN:
SF:src/controllers/taxExemptionController.ts
FN:12,(anonymous_0)
FN:36,(anonymous_1)
FNF:2
FNH:0
FNDA:0,(anonymous_0)
FNDA:0,(anonymous_1)
DA:2,0
DA:12,0
DA:13,0
DA:14,0
DA:26,0
DA:27,0
DA:29,0
DA:36,0
DA:37,0
DA:38,0
DA:50,0
DA:51,0
DA:63,0
LF:13
LH:0
BRDA:21,0,0,0
BRDA:21,0,1,0
BRDA:22,1,0,0
BRDA:22,1,1,0
BRDA:23,2,0,0
BRDA:23,2,1,0
BRDA:45,3,0,0
BRDA:45,3,1,0
BRDA:46,4,0,0
BRDA:46,4,1,0
BRDA:47,5,0,0
BRDA:47,5,1,0
BRF:12
BRH:0
end_of_record
TN:
SF:src/middleware/fiscalYearMiddleware.ts
FN:16,(anonymous_0)
FN:38,(anonymous_1)
FNF:2
FNH:0
FNDA:0,(anonymous_0)
FNDA:0,(anonymous_1)
DA:16,0
DA:18,0
DA:20,0
DA:21,0
DA:22,0
DA:23,0
DA:28,0
DA:29,0
DA:32,0
DA:38,0
DA:39,0
LF:11
LH:0
BRDA:18,0,0,0
BRDA:18,0,1,0
BRDA:18,0,2,0
BRDA:20,1,0,0
BRDA:22,2,0,0
BRDA:22,3,0,0
BRDA:22,3,1,0
BRDA:22,3,2,0
BRDA:28,4,0,0
BRF:9
BRH:0
end_of_record
TN:
SF:src/models/Asset.ts
FNF:0
FNH:0
DA:1,0
DA:16,0
DA:53,0
LF:3
LH:0
BRF:0
BRH:0
end_of_record
TN:
SF:src/models/CapitalGainRecord.ts
FNF:0
FNH:0
DA:1,1
DA:21,1
DA:50,1
DA:52,1
LF:4
LH:4
BRF:0
BRH:0
end_of_record
TN:
SF:src/models/Depreciation.ts
FNF:0
FNH:0
DA:1,0
DA:17,0
DA:62,0
LF:3
LH:0
BRF:0
BRH:0
end_of_record
TN:
SF:src/models/Property.ts
FNF:0
FNH:0
DA:1,5
DA:54,5
DA:197,5
LF:3
LH:3
BRF:0
BRH:0
end_of_record
TN:
SF:src/models/RSUGrant.ts
FNF:0
FNH:0
DA:1,0
DA:18,0
DA:56,0
LF:3
LH:0
BRF:0
BRH:0
end_of_record
TN:
SF:src/models/RSUIncomeRecord.ts
FNF:0
FNH:0
DA:1,0
DA:35,0
DA:68,0
DA:70,0
LF:4
LH:0
BRF:0
BRH:0
end_of_record
TN:
SF:src/models/RealEstateIncome.ts
FNF:0
FNH:0
DA:5,0
DA:38,0
DA:70,0
LF:3
LH:0
BRF:0
BRH:0
end_of_record
TN:
SF:src/models/RealEstateProperty.ts
FNF:0
FNH:0
DA:1,0
DA:19,0
DA:70,0
LF:3
LH:0
BRF:0
BRH:0
end_of_record
TN:
SF:src/models/SalaryIncomeRecord.ts
FNF:0
FNH:0
DA:1,2
DA:19,2
DA:50,2
LF:3
LH:3
BRF:0
BRH:0
end_of_record
TN:
SF:src/models/TaxFiling.ts
FNF:0
FNH:0
DA:1,0
DA:16,0
DA:53,0
LF:3
LH:0
BRF:0
BRH:0
end_of_record
TN:
SF:src/models/User.ts
FN:41,(anonymous_10)
FN:53,(anonymous_11)
FNF:2
FNH:2
FNDA:12,(anonymous_10)
FNDA:2,(anonymous_11)
DA:1,1
DA:2,1
DA:14,1
DA:41,1
DA:42,12
DA:44,12
DA:45,12
DA:46,12
DA:48,0
DA:53,1
DA:54,2
DA:57,1
LF:12
LH:11
BRDA:42,0,0,0
BRF:1
BRH:0
end_of_record
TN:
SF:src/routes/capitalGainRoutes.ts
FNF:0
FNH:0
DA:1,1
DA:2,1
DA:8,1
DA:14,1
DA:20,1
DA:26,1
DA:28,1
LF:7
LH:7
BRF:0
BRH:0
end_of_record
TN:
SF:src/routes/capitalGainStorageRoutes.ts
FN:24,(anonymous_0)
FN:44,(anonymous_1)
FN:62,(anonymous_2)
FN:63,(anonymous_3)
FNF:4
FNH:0
FNDA:0,(anonymous_0)
FNDA:0,(anonymous_1)
FNDA:0,(anonymous_2)
FNDA:0,(anonymous_3)
DA:1,0
DA:2,0
DA:7,0
DA:9,0
DA:12,0
DA:15,0
DA:18,0
DA:24,0
DA:25,0
DA:26,0
DA:28,0
DA:29,0
DA:35,0
DA:38,0
DA:41,0
DA:44,0
DA:45,0
DA:57,0
DA:61,0
DA:62,0
DA:63,0
DA:64,0
DA:65,0
DA:68,0
DA:71,0
DA:72,0
DA:75,0
DA:77,0
DA:78,0
DA:85,0
LF:30
LH:0
BRDA:28,0,0,0
BRDA:47,1,0,0
BRDA:47,1,1,0
BRDA:48,2,0,0
BRDA:48,2,1,0
BRDA:49,3,0,0
BRDA:49,3,1,0
BRDA:50,4,0,0
BRDA:50,4,1,0
BRDA:51,5,0,0
BRDA:51,5,1,0
BRDA:52,6,0,0
BRDA:52,6,1,0
BRDA:53,7,0,0
BRDA:53,7,1,0
BRDA:54,8,0,0
BRDA:54,8,1,0
BRDA:55,9,0,0
BRDA:55,9,1,0
BRDA:61,10,0,0
BRDA:62,11,0,0
BRDA:62,11,1,0
BRDA:63,12,0,0
BRDA:63,12,1,0
BRDA:80,13,0,0
BRDA:80,13,1,0
BRF:26
BRH:0
end_of_record
TN:
SF:src/routes/depreciationRoutes.ts
FNF:0
FNH:0
DA:1,0
DA:2,0
DA:8,0
DA:14,0
DA:20,0
DA:26,0
DA:28,0
LF:7
LH:0
BRF:0
BRH:0
end_of_record
TN:
SF:src/routes/documentRoutes.ts
FNF:0
FNH:0
DA:1,0
DA:2,0
DA:8,0
DA:14,0
DA:20,0
DA:26,0
DA:28,0
LF:7
LH:0
BRF:0
BRH:0
end_of_record
TN:
SF:src/routes/propertyRoutes.ts
FNF:0
FNH:0
DA:1,1
DA:2,1
DA:10,1
DA:16,1
DA:22,1
DA:28,1
DA:34,1
DA:40,1
DA:42,1
LF:9
LH:9
BRF:0
BRH:0
end_of_record
TN:
SF:src/routes/realEstateIncomeListRoutes.ts
FN:17,(anonymous_0)
FN:37,(anonymous_1)
FN:54,(anonymous_2)
FN:87,(anonymous_3)
FN:108,(anonymous_4)
FNF:5
FNH:0
FNDA:0,(anonymous_0)
FNDA:0,(anonymous_1)
FNDA:0,(anonymous_2)
FNDA:0,(anonymous_3)
FNDA:0,(anonymous_4)
DA:1,0
DA:2,0
DA:8,0
DA:11,0
DA:17,0
DA:18,0
DA:19,0
DA:20,0
DA:21,0
DA:26,0
DA:37,0
DA:38,0
DA:39,0
DA:41,0
DA:42,0
DA:48,0
DA:49,0
DA:52,0
DA:54,0
DA:66,0
DA:69,0
DA:70,0
DA:73,0
DA:75,0
DA:76,0
DA:87,0
DA:88,0
DA:89,0
DA:91,0
DA:92,0
DA:98,0
DA:99,0
DA:102,0
DA:105,0
DA:108,0
DA:109,0
DA:127,0
DA:131,0
DA:132,0
DA:134,0
DA:137,0
DA:138,0
DA:141,0
DA:143,0
DA:144,0
DA:151,0
LF:46
LH:0
BRDA:41,0,0,0
BRDA:56,1,0,0
BRDA:56,1,1,0
BRDA:57,2,0,0
BRDA:57,2,1,0
BRDA:58,3,0,0
BRDA:58,3,1,0
BRDA:59,4,0,0
BRDA:59,4,1,0
BRDA:61,5,0,0
BRDA:61,5,1,0
BRDA:62,6,0,0
BRDA:62,6,1,0
BRDA:63,7,0,0
BRDA:63,7,1,0
BRDA:78,8,0,0
BRDA:78,8,1,0
BRDA:91,9,0,0
BRDA:111,10,0,0
BRDA:111,10,1,0
BRDA:112,11,0,0
BRDA:112,11,1,0
BRDA:113,12,0,0
BRDA:113,12,1,0
BRDA:114,13,0,0
BRDA:114,13,1,0
BRDA:115,14,0,0
BRDA:115,14,1,0
BRDA:116,15,0,0
BRDA:116,15,1,0
BRDA:117,16,0,0
BRDA:117,16,1,0
BRDA:118,17,0,0
BRDA:118,17,1,0
BRDA:119,18,0,0
BRDA:119,18,1,0
BRDA:120,19,0,0
BRDA:120,19,1,0
BRDA:121,20,0,0
BRDA:121,20,1,0
BRDA:122,21,0,0
BRDA:122,21,1,0
BRDA:123,22,0,0
BRDA:123,22,1,0
BRDA:124,23,0,0
BRDA:124,23,1,0
BRDA:125,24,0,0
BRDA:125,24,1,0
BRDA:132,25,0,0
BRDA:132,25,1,0
BRDA:132,26,0,0
BRDA:132,26,1,0
BRDA:132,27,0,0
BRDA:132,27,1,0
BRDA:146,28,0,0
BRDA:146,28,1,0
BRF:56
BRH:0
end_of_record
TN:
SF:src/routes/realEstateIncomeRoutes.ts
FNF:0
FNH:0
DA:1,1
DA:2,1
DA:8,1
DA:14,1
DA:20,1
DA:26,1
DA:28,1
LF:7
LH:7
BRF:0
BRH:0
end_of_record
TN:
SF:src/routes/realEstateRoutes.ts
FNF:0
FNH:0
DA:1,0
DA:2,0
DA:8,0
DA:14,0
DA:20,0
DA:26,0
DA:28,0
LF:7
LH:0
BRF:0
BRH:0
end_of_record
TN:
SF:src/routes/rsuIncomeRoutes.ts
FNF:0
FNH:0
DA:1,0
DA:2,0
DA:12,0
DA:19,0
DA:22,0
DA:25,0
DA:28,0
DA:31,0
DA:34,0
DA:37,0
DA:39,0
LF:11
LH:0
BRF:0
BRH:0
end_of_record
TN:
SF:src/routes/rsuRoutes.ts
FN:30,(anonymous_0)
FN:63,(anonymous_1)
FN:80,(anonymous_2)
FN:90,(anonymous_3)
FNF:4
FNH:0
FNDA:0,(anonymous_0)
FNDA:0,(anonymous_1)
FNDA:0,(anonymous_2)
FNDA:0,(anonymous_3)
DA:1,0
DA:2,0
DA:3,0
DA:4,0
DA:6,0
DA:12,0
DA:18,0
DA:24,0
DA:30,0
DA:31,0
DA:32,0
DA:34,0
DA:35,0
DA:40,0
DA:41,0
DA:42,0
DA:47,0
DA:48,0
DA:55,0
DA:63,0
DA:64,0
DA:65,0
DA:67,0
DA:68,0
DA:73,0
DA:74,0
DA:80,0
DA:81,0
DA:82,0
DA:83,0
DA:85,0
DA:89,0
DA:91,0
DA:92,0
DA:100,0
DA:106,0
DA:110,0
LF:37
LH:0
BRDA:34,0,0,0
BRDA:34,1,0,0
BRDA:34,1,1,0
BRDA:41,2,0,0
BRDA:55,3,0,0
BRDA:55,3,1,0
BRDA:67,4,0,0
BRDA:67,5,0,0
BRDA:67,5,1,0
BRDA:73,6,0,0
BRDA:82,7,0,0
BRDA:106,8,0,0
BRDA:106,8,1,0
BRF:13
BRH:0
end_of_record
TN:
SF:src/routes/salaryIncomeRoutes.ts
FNF:0
FNH:0
DA:1,1
DA:2,1
DA:10,1
DA:16,1
DA:22,1
DA:28,1
DA:34,1
DA:40,1
DA:42,1
LF:9
LH:9
BRF:0
BRH:0
end_of_record
TN:
SF:src/routes/salaryIncomeStorageRoutes.ts
FNF:0
FNH:0
DA:1,0
DA:2,0
DA:8,0
DA:11,0
DA:14,0
DA:17,0
DA:19,0
LF:7
LH:0
BRF:0
BRH:0
end_of_record
TN:
SF:src/routes/taxExemptionRoutes.ts
FNF:0
FNH:0
DA:1,0
DA:2,0
DA:7,0
DA:13,0
DA:19,0
DA:21,0
LF:6
LH:0
BRF:0
BRH:0
end_of_record
TN:
SF:src/routes/taxRoutes.ts
FNF:0
FNH:0
DA:1,0
DA:2,0
DA:4,0
DA:10,0
DA:16,0
DA:18,0
LF:6
LH:0
BRF:0
BRH:0
end_of_record
TN:
SF:src/services/capitalGainService.ts
FN:54,(anonymous_1)
FN:69,(anonymous_2)
FNF:2
FNH:2
FNDA:8,(anonymous_1)
FNDA:8,(anonymous_2)
DA:5,2
DA:54,2
DA:55,8
DA:56,8
DA:58,8
DA:59,0
DA:60,0
DA:63,8
DA:69,2
DA:73,8
DA:76,8
DA:77,8
DA:78,8
DA:79,8
DA:81,8
DA:82,8
DA:83,8
DA:85,8
DA:86,0
DA:87,0
DA:90,0
DA:91,0
DA:92,0
DA:93,0
DA:96,8
DA:97,8
DA:100,0
DA:102,0
DA:103,0
DA:107,0
DA:108,0
DA:111,8
DA:114,8
DA:115,8
DA:116,8
DA:120,8
DA:124,8
DA:131,8
DA:138,8
DA:141,8
DA:144,8
DA:147,8
DA:151,8
DA:156,8
DA:160,8
DA:162,8
LF:46
LH:33
BRDA:58,0,0,0
BRDA:81,1,0,8
BRDA:81,1,1,0
BRDA:85,2,0,0
BRDA:85,2,1,8
BRDA:90,3,0,0
BRDA:90,3,1,0
BRDA:91,4,0,0
BRDA:91,4,1,0
BRDA:92,5,0,0
BRDA:92,5,1,0
BRDA:93,6,0,0
BRDA:93,6,1,0
BRDA:96,7,0,8
BRDA:96,7,1,0
BRDA:97,8,0,8
BRDA:97,8,1,0
BRDA:102,9,0,0
BRDA:102,9,1,0
BRDA:103,10,0,0
BRDA:103,10,1,0
BRDA:107,11,0,0
BRDA:107,11,1,0
BRDA:108,12,0,0
BRDA:108,12,1,0
BRDA:120,13,0,6
BRDA:120,13,1,2
BRDA:144,14,0,6
BRDA:144,14,1,2
BRDA:147,15,0,6
BRDA:147,15,1,2
BRDA:151,16,0,6
BRDA:151,16,1,2
BRDA:156,17,0,6
BRDA:156,17,1,2
BRF:35
BRH:14
end_of_record
TN:
SF:src/services/capitalGainStorageService.ts
FN:20,(anonymous_0)
FN:27,(anonymous_1)
FN:61,(anonymous_2)
FNF:3
FNH:0
FNDA:0,(anonymous_0)
FNDA:0,(anonymous_1)
FNDA:0,(anonymous_2)
DA:1,1
DA:20,1
DA:23,0
DA:24,0
DA:27,1
DA:34,0
DA:36,0
DA:37,0
DA:40,0
DA:41,0
DA:44,0
DA:45,0
DA:48,0
DA:49,0
DA:50,0
DA:51,0
DA:53,0
DA:54,0
DA:58,0
DA:61,1
DA:62,0
LF:21
LH:4
BRDA:36,0,0,0
BRDA:40,1,0,0
BRDA:44,2,0,0
BRDA:48,3,0,0
BRDA:48,4,0,0
BRDA:48,4,1,0
BRDA:50,5,0,0
BRDA:53,6,0,0
BRF:8
BRH:0
end_of_record
TN:
SF:src/services/depreciationHelpers.ts
FN:21,(anonymous_1)
FN:49,(anonymous_2)
FN:88,(anonymous_3)
FNF:3
FNH:0
FNDA:0,(anonymous_1)
FNDA:0,(anonymous_2)
FNDA:0,(anonymous_3)
DA:6,0
DA:21,0
DA:26,0
DA:28,0
DA:29,0
DA:35,0
DA:36,0
DA:38,0
DA:49,0
DA:52,0
DA:54,0
DA:55,0
DA:61,0
DA:64,0
DA:66,0
DA:70,0
DA:77,0
DA:79,0
DA:88,0
DA:92,0
DA:94,0
DA:95,0
DA:99,0
DA:102,0
DA:104,0
LF:25
LH:0
BRDA:28,0,0,0
BRDA:54,1,0,0
BRDA:61,2,0,0
BRDA:61,2,1,0
BRDA:62,3,0,0
BRDA:62,3,1,0
BRDA:64,4,0,0
BRDA:94,5,0,0
BRDA:102,6,0,0
BRDA:102,6,1,0
BRDA:102,6,2,0
BRDA:106,7,0,0
BRDA:106,7,1,0
BRDA:111,8,0,0
BRDA:111,8,1,0
BRF:15
BRH:0
end_of_record
TN:
SF:src/services/depreciationService.ts
FN:57,(anonymous_0)
FN:70,(anonymous_1)
FN:82,(anonymous_2)
FN:135,(anonymous_3)
FN:151,(anonymous_4)
FN:155,(anonymous_5)
FN:178,(anonymous_6)
FN:185,(anonymous_7)
FN:199,(anonymous_8)
FN:200,(anonymous_9)
FN:206,(anonymous_10)
FN:207,(anonymous_11)
FNF:12
FNH:2
FNDA:48,(anonymous_0)
FNDA:0,(anonymous_1)
FNDA:1,(anonymous_2)
FNDA:0,(anonymous_3)
FNDA:0,(anonymous_4)
FNDA:0,(anonymous_5)
FNDA:0,(anonymous_6)
FNDA:0,(anonymous_7)
FNDA:0,(anonymous_8)
FNDA:0,(anonymous_9)
FNDA:0,(anonymous_10)
FNDA:0,(anonymous_11)
DA:41,2
DA:57,2
DA:61,48
DA:70,2
DA:74,0
DA:82,2
DA:85,1
DA:86,1
DA:87,1
DA:89,1
DA:90,1
DA:92,1
DA:93,48
DA:95,48
DA:96,48
DA:102,0
DA:103,0
DA:107,48
DA:108,6
DA:111,48
DA:112,48
DA:114,48
DA:126,1
DA:135,2
DA:139,0
DA:141,0
DA:142,0
DA:143,0
DA:146,0
DA:147,0
DA:150,0
DA:151,0
DA:155,0
DA:158,0
DA:160,0
DA:178,2
DA:182,0
DA:185,0
DA:187,0
DA:188,0
DA:191,0
DA:199,2
DA:200,0
DA:206,0
DA:207,0
DA:208,0
DA:210,0
LF:47
LH:23
BRDA:95,0,0,48
BRDA:95,0,1,0
BRDA:107,1,0,6
BRDA:137,2,0,0
BRDA:147,3,0,0
BRDA:147,3,1,0
BRDA:151,4,0,0
BRDA:151,4,1,0
BRDA:155,5,0,0
BRDA:155,5,1,0
BRDA:187,6,0,0
BRF:11
BRH:2
end_of_record
TN:
SF:src/services/documentGenerationService.ts
FN:48,(anonymous_0)
FN:55,(anonymous_1)
FN:58,(anonymous_2)
FN:81,(anonymous_3)
FN:96,(anonymous_4)
FN:115,(anonymous_5)
FN:141,(anonymous_6)
FN:152,(anonymous_7)
FN:178,(anonymous_8)
FN:207,(anonymous_9)
FN:229,(anonymous_10)
FNF:11
FNH:0
FNDA:0,(anonymous_0)
FNDA:0,(anonymous_1)
FNDA:0,(anonymous_2)
FNDA:0,(anonymous_3)
FNDA:0,(anonymous_4)
FNDA:0,(anonymous_5)
FNDA:0,(anonymous_6)
FNDA:0,(anonymous_7)
FNDA:0,(anonymous_8)
FNDA:0,(anonymous_9)
FNDA:0,(anonymous_10)
DA:48,0
DA:55,0
DA:58,0
DA:61,0
DA:63,0
DA:81,0
DA:82,0
DA:85,0
DA:86,0
DA:87,0
DA:88,0
DA:89,0
DA:90,0
DA:93,0
DA:94,0
DA:96,0
DA:97,0
DA:108,0
DA:109,0
DA:112,0
DA:113,0
DA:115,0
DA:116,0
DA:127,0
DA:128,0
DA:131,0
DA:133,0
DA:141,0
DA:142,0
DA:152,0
DA:162,0
DA:165,0
DA:177,0
DA:178,0
DA:181,0
DA:182,0
DA:189,0
DA:199,0
DA:207,0
DA:208,0
DA:209,0
DA:216,0
DA:229,0
DA:238,0
DA:239,0
DA:240,0
DA:245,0
DA:246,0
DA:247,0
DA:251,0
DA:252,0
DA:253,0
DA:256,0
LF:53
LH:0
BRDA:100,0,0,0
BRDA:100,0,1,0
BRDA:101,1,0,0
BRDA:101,1,1,0
BRDA:103,2,0,0
BRDA:103,2,1,0
BRDA:104,3,0,0
BRDA:104,3,1,0
BRDA:119,4,0,0
BRDA:119,4,1,0
BRDA:120,5,0,0
BRDA:120,5,1,0
BRDA:122,6,0,0
BRDA:122,6,1,0
BRDA:123,7,0,0
BRDA:123,7,1,0
BRDA:177,8,0,0
BRDA:177,9,0,0
BRDA:177,9,1,0
BRDA:181,10,0,0
BRDA:208,11,0,0
BRDA:245,12,0,0
BRDA:251,13,0,0
BRF:23
BRH:0
end_of_record
TN:
SF:src/services/multiYearExpenseHelpers.ts
FN:15,(anonymous_0)
FN:58,(anonymous_1)
FN:67,(anonymous_2)
FN:68,(anonymous_3)
FN:85,(anonymous_4)
FN:136,(anonymous_5)
FNF:6
FNH:0
FNDA:0,(anonymous_0)
FNDA:0,(anonymous_1)
FNDA:0,(anonymous_2)
FNDA:0,(anonymous_3)
FNDA:0,(anonymous_4)
FNDA:0,(anonymous_5)
DA:15,2
DA:21,0
DA:22,0
DA:23,0
DA:26,0
DA:29,0
DA:30,0
DA:34,0
DA:36,0
DA:37,0
DA:41,0
DA:43,0
DA:44,0
DA:48,0
DA:58,2
DA:62,0
DA:63,0
DA:66,0
DA:67,0
DA:68,0
DA:85,2
DA:90,0
DA:91,0
DA:92,0
DA:94,0
DA:95,0
DA:102,0
DA:103,0
DA:104,0
DA:105,0
DA:106,0
DA:108,0
DA:111,0
DA:118,0
DA:136,2
DA:140,0
DA:141,0
DA:143,0
DA:144,0
DA:151,0
DA:152,0
DA:153,0
DA:157,0
LF:43
LH:4
BRDA:29,0,0,0
BRDA:29,1,0,0
BRDA:29,1,1,0
BRDA:34,2,0,0
BRDA:41,3,0,0
BRDA:62,4,0,0
BRDA:62,5,0,0
BRDA:62,5,1,0
BRDA:103,6,0,0
BRDA:103,6,1,0
BRDA:105,7,0,0
BRDA:105,7,1,0
BRDA:151,8,0,0
BRF:13
BRH:0
end_of_record
TN:
SF:src/services/pdfGenerationService.ts
FN:54,(anonymous_1)
FN:94,(anonymous_2)
FN:107,(anonymous_3)
FN:165,(anonymous_4)
FN:196,(anonymous_5)
FN:209,(anonymous_6)
FN:265,(anonymous_7)
FN:297,(anonymous_8)
FN:310,(anonymous_9)
FNF:9
FNH:0
FNDA:0,(anonymous_1)
FNDA:0,(anonymous_2)
FNDA:0,(anonymous_3)
FNDA:0,(anonymous_4)
FNDA:0,(anonymous_5)
FNDA:0,(anonymous_6)
FNDA:0,(anonymous_7)
FNDA:0,(anonymous_8)
FNDA:0,(anonymous_9)
DA:1,0
DA:54,0
DA:55,0
DA:61,0
DA:62,0
DA:65,0
DA:69,0
DA:76,0
DA:79,0
DA:80,0
DA:90,0
DA:91,0
DA:94,0
DA:95,0
DA:103,0
DA:106,0
DA:107,0
DA:108,0
DA:111,0
DA:112,0
DA:115,0
DA:118,0
DA:121,0
DA:127,0
DA:130,0
DA:133,0
DA:136,0
DA:141,0
DA:145,0
DA:146,0
DA:148,0
DA:149,0
DA:150,0
DA:151,0
DA:152,0
DA:153,0
DA:158,0
DA:159,0
DA:165,0
DA:166,0
DA:172,0
DA:173,0
DA:176,0
DA:180,0
DA:183,0
DA:184,0
DA:192,0
DA:193,0
DA:196,0
DA:197,0
DA:205,0
DA:208,0
DA:209,0
DA:210,0
DA:213,0
DA:214,0
DA:217,0
DA:220,0
DA:223,0
DA:229,0
DA:235,0
DA:240,0
DA:244,0
DA:245,0
DA:247,0
DA:248,0
DA:249,0
DA:253,0
DA:258,0
DA:259,0
DA:265,0
DA:266,0
DA:272,0
DA:273,0
DA:276,0
DA:280,0
DA:283,0
DA:284,0
DA:293,0
DA:294,0
DA:297,0
DA:298,0
DA:306,0
DA:309,0
DA:310,0
DA:311,0
DA:314,0
DA:315,0
DA:318,0
DA:321,0
DA:324,0
DA:330,0
DA:336,0
DA:342,0
DA:347,0
DA:351,0
DA:352,0
DA:354,0
DA:355,0
DA:356,0
DA:357,0
DA:358,0
DA:363,0
DA:364,0
LF:104
LH:0
BRDA:111,0,0,0
BRDA:213,1,0,0
BRDA:314,2,0,0
BRF:3
BRH:0
end_of_record
TN:
SF:src/services/propertyService.ts
FN:51,(anonymous_1)
FN:59,(anonymous_2)
FN:99,(anonymous_3)
FN:118,(anonymous_4)
FN:129,(anonymous_5)
FN:140,(anonymous_6)
FN:176,(anonymous_7)
FN:187,(anonymous_8)
FN:198,(anonymous_9)
FNF:9
FNH:7
FNDA:3,(anonymous_1)
FNDA:3,(anonymous_2)
FNDA:0,(anonymous_3)
FNDA:1,(anonymous_4)
FNDA:2,(anonymous_5)
FNDA:1,(anonymous_6)
FNDA:0,(anonymous_7)
FNDA:29,(anonymous_8)
FNDA:2,(anonymous_9)
DA:1,1
DA:51,1
DA:52,3
DA:53,3
DA:59,1
DA:60,3
DA:62,3
DA:64,3
DA:99,0
DA:109,3
DA:111,3
DA:118,1
DA:119,1
DA:120,1
DA:122,0
DA:129,1
DA:130,2
DA:131,2
DA:133,1
DA:140,1
DA:141,1
DA:142,1
DA:176,0
DA:187,29
DA:189,1
DA:191,0
DA:198,1
DA:199,2
DA:200,2
DA:202,1
LF:30
LH:26
BRDA:62,0,0,3
BRDA:62,0,1,3
BRDA:82,1,0,0
BRDA:82,1,1,3
BRDA:86,2,0,0
BRDA:86,2,1,3
BRDA:93,3,0,0
BRDA:93,3,1,3
BRDA:97,4,0,0
BRDA:97,4,1,3
BRDA:148,5,0,0
BRDA:148,5,1,1
BRDA:159,6,0,0
BRDA:159,6,1,1
BRDA:163,7,0,0
BRDA:163,7,1,1
BRDA:170,8,0,0
BRDA:170,8,1,1
BRDA:174,9,0,0
BRDA:174,9,1,1
BRDA:187,10,0,29
BRDA:187,10,1,28
BRF:22
BRH:13
end_of_record
TN:
SF:src/services/realEstateIncomeService.ts
FN:115,(anonymous_1)
FN:133,(anonymous_2)
FN:144,(anonymous_3)
FN:159,(anonymous_4)
FN:227,(anonymous_5)
FN:342,(anonymous_6)
FN:346,(anonymous_7)
FN:347,(anonymous_8)
FN:348,(anonymous_9)
FN:350,(anonymous_10)
FN:351,(anonymous_11)
FNF:11
FNH:4
FNDA:17,(anonymous_1)
FNDA:8,(anonymous_2)
FNDA:0,(anonymous_3)
FNDA:3,(anonymous_4)
FNDA:48,(anonymous_5)
FNDA:0,(anonymous_6)
FNDA:0,(anonymous_7)
FNDA:0,(anonymous_8)
FNDA:0,(anonymous_9)
FNDA:0,(anonymous_10)
FNDA:0,(anonymous_11)
DA:7,2
DA:8,2
DA:10,2
DA:115,2
DA:119,17
DA:120,13
DA:123,4
DA:124,0
DA:127,4
DA:133,2
DA:138,8
DA:144,2
DA:145,0
DA:159,2
DA:165,3
DA:166,3
DA:168,3
DA:169,0
DA:170,0
DA:172,0
DA:174,0
DA:175,0
DA:178,0
DA:179,0
DA:183,0
DA:185,0
DA:186,0
DA:190,3
DA:194,3
DA:195,3
DA:200,3
DA:203,3
DA:205,3
DA:214,3
DA:215,3
DA:218,3
DA:219,3
DA:221,1
DA:225,1
DA:226,1
DA:227,48
DA:228,1
DA:230,0
DA:238,3
DA:239,3
DA:240,3
DA:241,3
DA:243,3
DA:244,0
DA:245,0
DA:247,0
DA:249,0
DA:254,0
DA:263,0
DA:268,0
DA:277,0
DA:283,0
DA:284,0
DA:285,0
DA:289,0
DA:295,3
DA:306,3
DA:308,3
DA:342,2
DA:346,0
DA:347,0
DA:348,0
DA:350,0
DA:351,0
DA:353,0
LF:70
LH:39
BRDA:119,0,0,13
BRDA:119,1,0,17
BRDA:119,1,1,15
BRDA:123,2,0,0
BRDA:123,3,0,4
BRDA:123,3,1,4
BRDA:136,4,0,1
BRDA:168,5,0,0
BRDA:168,5,1,3
BRDA:168,6,0,3
BRDA:168,6,1,0
BRDA:172,7,0,0
BRDA:178,8,0,0
BRDA:179,9,0,0
BRDA:179,9,1,0
BRDA:185,10,0,0
BRDA:185,10,1,0
BRDA:186,11,0,0
BRDA:186,11,1,0
BRDA:186,12,0,0
BRDA:186,12,1,0
BRDA:190,13,0,3
BRDA:190,13,1,3
BRDA:194,14,0,3
BRDA:194,14,1,3
BRDA:203,15,0,3
BRDA:203,15,1,3
BRDA:219,16,0,1
BRDA:228,17,0,0
BRDA:243,18,0,0
BRDA:247,19,0,0
BRDA:249,20,0,0
BRDA:250,21,0,0
BRDA:250,21,1,0
BRDA:250,21,2,0
BRDA:263,22,0,0
BRDA:264,23,0,0
BRDA:264,23,1,0
BRDA:264,23,2,0
BRDA:284,24,0,0
BRDA:284,25,0,0
BRDA:284,25,1,0
BRF:42
BRH:15
end_of_record
TN:
SF:src/services/realEstateIncomeStorageService.ts
FN:12,(anonymous_0)
FN:21,(anonymous_1)
FN:47,(anonymous_2)
FN:78,(anonymous_3)
FN:117,(anonymous_4)
FN:153,(anonymous_5)
FN:166,(anonymous_6)
FN:202,(anonymous_7)
FN:207,(anonymous_8)
FN:208,(anonymous_9)
FN:209,(anonymous_10)
FNF:11
FNH:0
FNDA:0,(anonymous_0)
FNDA:0,(anonymous_1)
FNDA:0,(anonymous_2)
FNDA:0,(anonymous_3)
FNDA:0,(anonymous_4)
FNDA:0,(anonymous_5)
FNDA:0,(anonymous_6)
FNDA:0,(anonymous_7)
FNDA:0,(anonymous_8)
FNDA:0,(anonymous_9)
FNDA:0,(anonymous_10)
DA:6,0
DA:12,0
DA:13,0
DA:14,0
DA:17,0
DA:20,0
DA:22,0
DA:25,0
DA:26,0
DA:27,0
DA:30,0
DA:32,0
DA:33,0
DA:43,0
DA:47,0
DA:70,0
DA:71,0
DA:78,0
DA:79,0
DA:80,0
DA:85,0
DA:86,0
DA:109,0
DA:110,0
DA:117,0
DA:118,0
DA:119,0
DA:120,0
DA:122,0
DA:145,0
DA:146,0
DA:153,0
DA:154,0
DA:155,0
DA:156,0
DA:158,0
DA:159,0
DA:166,0
DA:167,0
DA:168,0
DA:169,0
DA:171,0
DA:194,0
DA:195,0
DA:202,0
DA:203,0
DA:204,0
DA:206,0
DA:207,0
DA:208,0
DA:209,0
DA:213,0
DA:214,0
LF:53
LH:0
BRDA:25,0,0,0
BRDA:25,1,0,0
BRDA:25,1,1,0
BRDA:25,1,2,0
BRDA:30,2,0,0
BRDA:32,3,0,0
BRDA:32,3,1,0
BRDA:37,4,0,0
BRDA:37,4,1,0
BRDA:38,5,0,0
BRDA:38,5,1,0
BRDA:38,6,0,0
BRDA:38,6,1,0
BRDA:120,7,0,0
BRDA:169,8,0,0
BRF:15
BRH:0
end_of_record
TN:
SF:src/services/realEstateLTVService.ts
FN:50,(anonymous_0)
FN:55,(anonymous_1)
FN:56,(anonymous_2)
FN:92,(anonymous_3)
FN:97,(anonymous_4)
FN:100,(anonymous_5)
FN:136,(anonymous_6)
FN:152,(anonymous_7)
FN:158,(anonymous_8)
FN:159,(anonymous_9)
FN:162,(anonymous_10)
FN:163,(anonymous_11)
FN:164,(anonymous_12)
FNF:13
FNH:0
FNDA:0,(anonymous_0)
FNDA:0,(anonymous_1)
FNDA:0,(anonymous_2)
FNDA:0,(anonymous_3)
FNDA:0,(anonymous_4)
FNDA:0,(anonymous_5)
FNDA:0,(anonymous_6)
FNDA:0,(anonymous_7)
FNDA:0,(anonymous_8)
FNDA:0,(anonymous_9)
FNDA:0,(anonymous_10)
FNDA:0,(anonymous_11)
FNDA:0,(anonymous_12)
DA:50,0
DA:55,0
DA:56,0
DA:59,0
DA:62,0
DA:63,0
DA:66,0
DA:67,0
DA:70,0
DA:71,0
DA:73,0
DA:92,0
DA:97,0
DA:100,0
DA:103,0
DA:104,0
DA:107,0
DA:108,0
DA:111,0
DA:114,0
DA:117,0
DA:119,0
DA:136,0
DA:152,0
DA:158,0
DA:159,0
DA:160,0
DA:162,0
DA:163,0
DA:164,0
DA:166,0
LF:31
LH:0
BRDA:59,0,0,0
BRDA:59,0,1,0
BRDA:70,1,0,0
BRDA:70,1,1,0
BRDA:71,2,0,0
BRDA:71,2,1,0
BRDA:117,3,0,0
BRDA:117,3,1,0
BRDA:160,4,0,0
BRDA:160,4,1,0
BRF:10
BRH:0
end_of_record
TN:
SF:src/services/rsuExchangeService.ts
FN:22,(anonymous_10)
FN:26,(anonymous_11)
FN:39,(anonymous_12)
FN:85,(anonymous_13)
FN:95,(anonymous_14)
FN:106,(anonymous_15)
FN:143,(anonymous_16)
FN:176,(anonymous_17)
FN:196,(anonymous_18)
FN:245,(anonymous_19)
FN:269,(anonymous_20)
FN:274,(anonymous_21)
FN:303,(anonymous_22)
FN:310,(anonymous_23)
FN:315,(anonymous_24)
FN:326,(anonymous_25)
FN:356,(anonymous_26)
FN:360,(anonymous_27)
FN:367,(anonymous_28)
FN:373,(anonymous_29)
FN:400,(anonymous_30)
FN:412,(anonymous_31)
FN:419,(anonymous_32)
FN:420,(anonymous_33)
FN:434,(anonymous_34)
FNF:25
FNH:0
FNDA:0,(anonymous_10)
FNDA:0,(anonymous_11)
FNDA:0,(anonymous_12)
FNDA:0,(anonymous_13)
FNDA:0,(anonymous_14)
FNDA:0,(anonymous_15)
FNDA:0,(anonymous_16)
FNDA:0,(anonymous_17)
FNDA:0,(anonymous_18)
FNDA:0,(anonymous_19)
FNDA:0,(anonymous_20)
FNDA:0,(anonymous_21)
FNDA:0,(anonymous_22)
FNDA:0,(anonymous_23)
FNDA:0,(anonymous_24)
FNDA:0,(anonymous_25)
FNDA:0,(anonymous_26)
FNDA:0,(anonymous_27)
FNDA:0,(anonymous_28)
FNDA:0,(anonymous_29)
FNDA:0,(anonymous_30)
FNDA:0,(anonymous_31)
FNDA:0,(anonymous_32)
FNDA:0,(anonymous_33)
FNDA:0,(anonymous_34)
DA:1,0
DA:2,0
DA:3,0
DA:4,0
DA:12,0
DA:13,0
DA:16,0
DA:22,0
DA:23,0
DA:24,0
DA:25,0
DA:26,0
DA:27,0
DA:29,0
DA:32,0
DA:39,0
DA:40,0
DA:41,0
DA:42,0
DA:43,0
DA:46,0
DA:47,0
DA:53,0
DA:85,0
DA:86,0
DA:87,0
DA:95,0
DA:96,0
DA:97,0
DA:98,0
DA:106,0
DA:107,0
DA:108,0
DA:109,0
DA:111,0
DA:112,0
DA:113,0
DA:116,0
DA:128,0
DA:129,0
DA:131,0
DA:133,0
DA:134,0
DA:143,0
DA:144,0
DA:145,0
DA:146,0
DA:148,0
DA:149,0
DA:150,0
DA:153,0
DA:162,0
DA:163,0
DA:165,0
DA:167,0
DA:168,0
DA:176,0
DA:177,0
DA:178,0
DA:180,0
DA:181,0
DA:183,0
DA:185,0
DA:186,0
DA:196,0
DA:197,0
DA:199,0
DA:200,0
DA:203,0
DA:205,0
DA:206,0
DA:207,0
DA:210,0
DA:211,0
DA:212,0
DA:215,0
DA:216,0
DA:221,0
DA:224,0
DA:230,0
DA:232,0
DA:245,0
DA:247,0
DA:248,0
DA:249,0
DA:250,0
DA:251,0
DA:255,0
DA:256,0
DA:257,0
DA:258,0
DA:260,0
DA:269,0
DA:270,0
DA:272,0
DA:274,0
DA:282,0
DA:283,0
DA:286,0
DA:287,0
DA:288,0
DA:289,0
DA:295,0
DA:300,0
DA:301,0
DA:302,0
DA:303,0
DA:305,0
DA:309,0
DA:310,0
DA:311,0
DA:312,0
DA:315,0
DA:316,0
DA:317,0
DA:326,0
DA:330,0
DA:333,0
DA:334,0
DA:337,0
DA:339,0
DA:356,0
DA:360,0
DA:363,0
DA:366,0
DA:367,0
DA:368,0
DA:369,0
DA:373,0
DA:374,0
DA:375,0
DA:377,0
DA:378,0
DA:380,0
DA:391,0
DA:400,0
DA:411,0
DA:412,0
DA:416,0
DA:419,0
DA:420,0
DA:422,0
DA:434,0
DA:435,0
LF:144
LH:0
BRDA:24,0,0,0
BRDA:42,1,0,0
BRDA:87,2,0,0
BRDA:87,2,1,0
BRDA:111,3,0,0
BRDA:128,4,0,0
BRDA:128,5,0,0
BRDA:128,5,1,0
BRDA:148,6,0,0
BRDA:162,7,0,0
BRDA:162,8,0,0
BRDA:162,8,1,0
BRDA:180,9,0,0
BRDA:180,10,0,0
BRDA:180,10,1,0
BRDA:203,11,0,0
BRDA:206,12,0,0
BRDA:206,12,1,0
BRDA:211,13,0,0
BRDA:211,13,1,0
BRDA:272,14,0,0
BRDA:288,15,0,0
BRDA:288,15,1,0
BRDA:300,16,0,0
BRDA:375,17,0,0
BRDA:375,17,1,0
BRF:26
BRH:0
end_of_record
TN:
SF:src/services/rsuIncomeStorageService.ts
FN:10,(anonymous_0)
FN:57,(anonymous_1)
FN:73,(anonymous_2)
FN:82,(anonymous_3)
FN:92,(anonymous_4)
FN:110,(anonymous_5)
FN:115,(anonymous_6)
FNF:7
FNH:0
FNDA:0,(anonymous_0)
FNDA:0,(anonymous_1)
FNDA:0,(anonymous_2)
FNDA:0,(anonymous_3)
FNDA:0,(anonymous_4)
FNDA:0,(anonymous_5)
FNDA:0,(anonymous_6)
DA:1,0
DA:10,0
DA:33,0
DA:35,0
DA:37,0
DA:38,0
DA:39,0
DA:40,0
DA:43,0
DA:50,0
DA:57,0
DA:61,0
DA:63,0
DA:64,0
DA:67,0
DA:73,0
DA:76,0
DA:82,0
DA:85,0
DA:86,0
DA:92,0
DA:100,0
DA:110,0
DA:114,0
DA:115,0
LF:25
LH:0
BRDA:35,0,0,0
BRDA:35,0,1,0
BRDA:63,1,0,0
BRF:3
BRH:0
end_of_record
TN:
SF:src/services/salaryIncomeService.ts
FN:33,(anonymous_0)
FN:52,(anonymous_1)
FN:59,(anonymous_2)
FN:110,(anonymous_3)
FNF:4
FNH:4
FNDA:16,(anonymous_0)
FNDA:12,(anonymous_1)
FNDA:8,(anonymous_2)
FNDA:8,(anonymous_3)
DA:33,2
DA:34,16
DA:35,4
DA:36,12
DA:37,1
DA:38,11
DA:39,2
DA:40,9
DA:41,4
DA:42,5
DA:43,1
DA:45,4
DA:52,2
DA:53,12
DA:59,2
DA:61,8
DA:64,8
DA:67,8
DA:70,8
DA:73,8
DA:76,8
DA:80,8
DA:87,8
DA:90,8
DA:92,8
DA:110,2
DA:111,8
DA:112,5
DA:113,3
DA:114,1
DA:115,2
DA:116,0
DA:117,2
DA:118,0
DA:119,2
DA:120,2
DA:121,0
DA:122,0
DA:124,0
LF:39
LH:34
BRDA:34,0,0,4
BRDA:34,0,1,12
BRDA:36,1,0,1
BRDA:36,1,1,11
BRDA:38,2,0,2
BRDA:38,2,1,9
BRDA:40,3,0,4
BRDA:40,3,1,5
BRDA:42,4,0,1
BRDA:42,4,1,4
BRDA:70,5,0,8
BRDA:70,5,1,3
BRDA:73,6,0,5
BRDA:73,6,1,3
BRDA:76,7,0,8
BRDA:76,7,1,3
BRDA:111,8,0,5
BRDA:111,8,1,3
BRDA:113,9,0,1
BRDA:113,9,1,2
BRDA:115,10,0,0
BRDA:115,10,1,2
BRDA:117,11,0,0
BRDA:117,11,1,2
BRDA:119,12,0,2
BRDA:119,12,1,0
BRDA:121,13,0,0
BRDA:121,13,1,0
BRF:28
BRH:23
end_of_record
TN:
SF:src/services/salaryIncomeStorageService.ts
FN:18,(anonymous_0)
FN:25,(anonymous_1)
FN:54,(anonymous_2)
FNF:3
FNH:3
FNDA:1,(anonymous_0)
FNDA:3,(anonymous_1)
FNDA:2,(anonymous_2)
DA:1,1
DA:18,1
DA:21,1
DA:22,1
DA:25,1
DA:31,3
DA:33,3
DA:34,0
DA:37,3
DA:38,2
DA:41,3
DA:42,0
DA:43,0
DA:44,0
DA:46,0
DA:47,0
DA:51,3
DA:54,1
DA:55,2
LF:19
LH:13
BRDA:33,0,0,0
BRDA:37,1,0,2
BRDA:41,2,0,0
BRDA:41,3,0,3
BRDA:41,3,1,3
BRDA:43,4,0,0
BRDA:46,5,0,0
BRF:7
BRH:3
end_of_record
TN:
SF:src/services/taxCalculator.ts
FN:54,calculateIncomeTax
FN:57,(anonymous_1)
FN:68,calculateInhabitationTax
FN:76,calculateTax
FN:118,generateTaxSavingsSuggestions
FNF:5
FNH:0
FNDA:0,calculateIncomeTax
FNDA:0,(anonymous_1)
FNDA:0,calculateInhabitationTax
FNDA:0,calculateTax
FNDA:0,generateTaxSavingsSuggestions
DA:35,0
DA:46,0
DA:49,0
DA:55,0
DA:57,0
DA:58,0
DA:60,0
DA:61,0
DA:69,0
DA:70,0
DA:76,0
DA:78,0
DA:82,0
DA:90,0
DA:93,0
DA:96,0
DA:99,0
DA:101,0
DA:103,0
DA:118,0
DA:122,0
DA:124,0
DA:131,0
DA:133,0
DA:134,0
DA:139,0
DA:140,0
DA:145,0
DA:146,0
DA:151,0
LF:30
LH:0
BRDA:55,0,0,0
BRDA:58,1,0,0
BRDA:69,2,0,0
BRDA:78,3,0,0
BRDA:78,3,1,0
BRDA:87,4,0,0
BRDA:87,4,1,0
BRDA:129,5,0,0
BRDA:129,5,1,0
BRDA:131,6,0,0
BRDA:131,6,1,0
BRDA:133,7,0,0
BRDA:139,8,0,0
BRDA:145,9,0,0
BRF:14
BRH:0
end_of_record
TN:
SF:src/services/taxExemptionSimulatorService.ts
FN:51,(anonymous_0)
FN:86,(anonymous_1)
FN:122,(anonymous_2)
FN:158,(anonymous_3)
FN:159,(anonymous_4)
FN:161,(anonymous_5)
FN:162,(anonymous_6)
FN:165,(anonymous_7)
FNF:8
FNH:0
FNDA:0,(anonymous_0)
FNDA:0,(anonymous_1)
FNDA:0,(anonymous_2)
FNDA:0,(anonymous_3)
FNDA:0,(anonymous_4)
FNDA:0,(anonymous_5)
FNDA:0,(anonymous_6)
FNDA:0,(anonymous_7)
DA:51,0
DA:53,0
DA:56,0
DA:59,0
DA:62,0
DA:65,0
DA:68,0
DA:70,0
DA:86,0
DA:91,0
DA:97,0
DA:100,0
DA:103,0
DA:107,0
DA:122,0
DA:124,0
DA:125,0
DA:133,0
DA:134,0
DA:135,0
DA:136,0
DA:138,0
DA:139,0
DA:140,0
DA:143,0
DA:158,0
DA:159,0
DA:161,0
DA:162,0
DA:165,0
DA:167,0
LF:31
LH:0
BRDA:65,0,0,0
BRDA:65,0,1,0
BRDA:103,1,0,0
BRDA:103,1,1,0
BRDA:133,2,0,0
BRDA:133,2,1,0
BRDA:173,3,0,0
BRDA:173,3,1,0
BRF:8
BRH:0
end_of_record
